<?xml version="1.0" encoding="UTF-8"?>
<testng-results skipped="0" failed="0" ignored="0" total="5" passed="5">
  <reporter-output>
  </reporter-output>
  <suite name="Suite" duration-ms="244566" started-at="2021-10-25T14:15:47 IST" finished-at="2021-10-25T14:19:52 IST">
    <groups>
    </groups>
    <test name="Test" duration-ms="244566" started-at="2021-10-25T14:15:47 IST" finished-at="2021-10-25T14:19:52 IST">
      <class name="students.view_down_certificate">
        <test-method status="PASS" signature="cert()[pri:0, instance:students.view_down_certificate@12cdcf4]" name="cert" duration-ms="47622" started-at="2021-10-25T14:19:04 IST" finished-at="2021-10-25T14:19:52 IST">
          <reporter-output>
          </reporter-output>
        </test-method> <!-- cert -->
      </class> <!-- students.view_down_certificate -->
      <class name="students.stu_profileTest">
        <test-method status="PASS" signature="studentProfile()[pri:0, instance:students.stu_profileTest@25af5db5]" name="studentProfile" duration-ms="55095" started-at="2021-10-25T14:18:09 IST" finished-at="2021-10-25T14:19:04 IST">
          <reporter-output>
          </reporter-output>
        </test-method> <!-- studentProfile -->
      </class> <!-- students.stu_profileTest -->
      <class name="students.courseenroll">
        <test-method status="PASS" signature="enrollTest()[pri:0, instance:students.courseenroll@7a9273a8]" name="enrollTest" duration-ms="47238" started-at="2021-10-25T14:15:47 IST" finished-at="2021-10-25T14:16:34 IST">
          <reporter-output>
          </reporter-output>
        </test-method> <!-- enrollTest -->
      </class> <!-- students.courseenroll -->
      <class name="students.attemptQuiz">
        <test-method status="PASS" signature="Quiz()[pri:0, instance:students.attemptQuiz@59906517]" name="Quiz" duration-ms="46411" started-at="2021-10-25T14:16:34 IST" finished-at="2021-10-25T14:17:21 IST">
          <reporter-output>
          </reporter-output>
        </test-method> <!-- Quiz -->
      </class> <!-- students.attemptQuiz -->
      <class name="students.feedbackTest">
        <test-method status="PASS" signature="feedback()[pri:0, instance:students.feedbackTest@5bfbf16f]" name="feedback" duration-ms="48169" started-at="2021-10-25T14:17:21 IST" finished-at="2021-10-25T14:18:09 IST">
          <reporter-output>
          </reporter-output>
        </test-method> <!-- feedback -->
      </class> <!-- students.feedbackTest -->
    </test> <!-- Test -->
  </suite> <!-- Suite -->
</testng-results>
