<?xml version="1.0" encoding="UTF-8"?>
<testng-results skipped="0" failed="0" ignored="0" total="1" passed="1">
  <reporter-output>
  </reporter-output>
  <suite name="Default suite" duration-ms="109991" started-at="2021-10-19T22:42:59 IST" finished-at="2021-10-19T22:44:49 IST">
    <groups>
    </groups>
    <test name="Default test" duration-ms="109991" started-at="2021-10-19T22:42:59 IST" finished-at="2021-10-19T22:44:49 IST">
      <class name="students.courseenroll">
        <test-method status="PASS" signature="enrollTest()[pri:0, instance:students.courseenroll@4d41cee]" name="enrollTest" duration-ms="109914" started-at="2021-10-19T22:42:59 IST" finished-at="2021-10-19T22:44:49 IST">
          <reporter-output>
          </reporter-output>
        </test-method> <!-- enrollTest -->
      </class> <!-- students.courseenroll -->
    </test> <!-- Default test -->
  </suite> <!-- Default suite -->
</testng-results>
