<?xml version="1.0" encoding="UTF-8"?>
<!-- Generated by org.testng.reporters.JUnitXMLReporter -->
<testsuite hostname="Shivu" ignored="0" name="Test" tests="5" failures="0" timestamp="2021-10-21T21:33:31 IST" time="239.945" errors="0">
  <testcase name="enrollTest" time="52.056" classname="students.courseenroll"/>
  <testcase name="Quiz" time="43.716" classname="students.attemptQuiz"/>
  <testcase name="feedback" time="44.929" classname="students.feedbackTest"/>
  <testcase name="studentProfile" time="50.227" classname="students.stu_profileTest"/>
  <testcase name="cert" time="48.938" classname="students.view_down_certificate"/>
</testsuite> <!-- Test -->
