<?xml version="1.0" encoding="UTF-8"?>
<!-- Generated by org.testng.reporters.JUnitXMLReporter -->
<testsuite hostname="Shivu" ignored="0" name="Test" tests="6" failures="0" timestamp="2021-10-22T12:53:53 IST" time="349.244" errors="0">
  <testcase name="VerifyUserTest" time="75.512" classname="Admin.VerifyCourse"/>
  <testcase name="firstTest" time="37.619" classname="Admin.VerifyLogin"/>
  <testcase name="firstTest" time="12.705" classname="Admin.VerifyLogin"/>
  <testcase name="VerifyDeleteTest" time="56.143" classname="Admin.VerifyDeleteUser"/>
  <testcase name="EditUserTest" time="59.997" classname="Admin.VerifyEditUser"/>
  <testcase name="DownloadTest" time="44.107" classname="Admin.verifyDownload"/>
</testsuite> <!-- Test -->
